Using pre-set license
Built from '2020.2/release' branch; Version is '2020.2.1f1 (270dd8c3da1c) revision 2559448'; Using compiler version '192528614'; Build Type 'Release'
OS: 'Windows 10  (10.0.0) 64bit' Language: 'en' Physical Memory: 16302 MB
BatchMode: 1, IsHumanControllingUs: 0, StartBugReporterOnCrash: 0, Is64bit: 1, IsPro: 0

 COMMAND LINE ARGUMENTS:
C:\Program Files\Unity\Hub\Editor\2020.2.1f1\Editor\Unity.exe
-adb2
-batchMode
-noUpm
-name
AssetImportWorker0
-projectPath
C:/Users/edufre8/Documents/GitHub/Unity-Roll-A-Ball-Game/Roll-a-Ball
-logFile
Logs/AssetImportWorker0.log
-srvPort
49416
Successfully changed project path to: C:/Users/edufre8/Documents/GitHub/Unity-Roll-A-Ball-Game/Roll-a-Ball
C:/Users/edufre8/Documents/GitHub/Unity-Roll-A-Ball-Game/Roll-a-Ball
Using Asset Import Pipeline V2.
Refreshing native plugins compatible for Editor in 56.12 ms, found 0 plugins.
Preloading 0 native plugins for Editor in 0.00 ms.
Initialize engine version: 2020.2.1f1 (270dd8c3da1c)
[Subsystems] Discovering subsystems at path C:/Program Files/Unity/Hub/Editor/2020.2.1f1/Editor/Data/Resources/UnitySubsystems
[Subsystems] Discovering subsystems at path C:/Users/edufre8/Documents/GitHub/Unity-Roll-A-Ball-Game/Roll-a-Ball/Assets
GfxDevice: creating device client; threaded=0
Direct3D:
    Version:  Direct3D 11.0 [level 11.1]
    Renderer: NVIDIA GeForce GTX 1660 SUPER (ID=0x21c4)
    Vendor:   
    VRAM:     5991 MB
    Driver:   27.21.14.5730
Shader 'Universal Render Pipeline/Particles/Lit': fallback shader 'Universal Render Pipeline/Particles/SimpleLit' not found
Initialize mono
Mono path[0] = 'C:/Program Files/Unity/Hub/Editor/2020.2.1f1/Editor/Data/Managed'
Mono path[1] = 'C:/Program Files/Unity/Hub/Editor/2020.2.1f1/Editor/Data/MonoBleedingEdge/lib/mono/unityjit'
Mono config path = 'C:/Program Files/Unity/Hub/Editor/2020.2.1f1/Editor/Data/MonoBleedingEdge/etc'
Using monoOptions --debugger-agent=transport=dt_socket,embedding=1,server=y,suspend=n,address=127.0.0.1:56608
Begin MonoManager ReloadAssembly
Registering precompiled unity dll's ...
Register platform support module: C:/Program Files/Unity/Hub/Editor/2020.2.1f1/Editor/Data/PlaybackEngines/WindowsStandaloneSupport/UnityEditor.WindowsStandalone.Extensions.dll
Registered in 0.001681 seconds.
Native extension for WindowsStandalone target not found
Refreshing native plugins compatible for Editor in 55.31 ms, found 0 plugins.
Preloading 0 native plugins for Editor in 0.00 ms.
Invoked RoslynAnalysisRunner static constructor.
RoslynAnalysisRunner will not be running.
RoslynAnalysisRunner has terminated.
Mono: successfully reloaded assembly
- Completed reload, in  1.147 seconds
Platform modules already initialized, skipping
Registering precompiled user dll's ...
Registered in 0.001353 seconds.
Begin MonoManager ReloadAssembly
Native extension for WindowsStandalone target not found
Refreshing native plugins compatible for Editor in 57.65 ms, found 0 plugins.
Preloading 0 native plugins for Editor in 0.00 ms.
Invoked RoslynAnalysisRunner static constructor.
RoslynAnalysisRunner will not be running.
RoslynAnalysisRunner has terminated.
Mono: successfully reloaded assembly
- Completed reload, in  1.038 seconds
Platform modules already initialized, skipping
========================================================================
Worker process is ready to serve import requests
Shader 'Universal Render Pipeline/Particles/Lit': fallback shader 'Universal Render Pipeline/Particles/SimpleLit' not found
Launched and connected shader compiler UnityShaderCompiler.exe after 0.05 seconds
Refreshing native plugins compatible for Editor in 0.55 ms, found 0 plugins.
Preloading 0 native plugins for Editor in 0.00 ms.
Unloading 2807 Unused Serialized files (Serialized files now loaded: 0)
System memory in use before: 132.4 MB.
System memory in use after: 132.6 MB.

Unloading 12 unused Assets to reduce memory usage. Loaded Objects now: 3251.
Total: 3.111800 ms (FindLiveObjects: 0.311100 ms CreateObjectMapping: 0.499900 ms MarkObjects: 2.245700 ms  DeleteObjects: 0.053100 ms)

========================================================================
Received Import Request.
  path: Assets/Materials/Ball.mat
  artifactKey: Guid(528d684fd7546c24693c7586f8466b40) Importer(815301076,1909f56bfc062723c751e8b465ee728b)
Start importing Assets/Materials/Ball.mat using Guid(528d684fd7546c24693c7586f8466b40) Importer(815301076,1909f56bfc062723c751e8b465ee728b)  -> (artifact id: '66bb524c3921638515caceac51e55d91') in 0.250083 seconds
  Import took 0.255657 seconds .

========================================================================
Received Import Request.
  Time since last request: 0.000232 seconds.
  path: Assets/Materials/PickUp 2.mat
  artifactKey: Guid(4d56af73b21fde04b9b7fba7eb05a29a) Importer(815301076,1909f56bfc062723c751e8b465ee728b)
Start importing Assets/Materials/PickUp 2.mat using Guid(4d56af73b21fde04b9b7fba7eb05a29a) Importer(815301076,1909f56bfc062723c751e8b465ee728b)  -> (artifact id: '004388cdb5d1eb42462f0d09a8ba0bfb') in 0.017198 seconds
  Import took 0.021970 seconds .

========================================================================
Received Import Request.
  Time since last request: 0.000252 seconds.
  path: Assets/Materials/PickUp 3.mat
  artifactKey: Guid(666555689b840e54a8acde5a3428af13) Importer(815301076,1909f56bfc062723c751e8b465ee728b)
Start importing Assets/Materials/PickUp 3.mat using Guid(666555689b840e54a8acde5a3428af13) Importer(815301076,1909f56bfc062723c751e8b465ee728b)  -> (artifact id: '222bf5b571665311fd3ecc5496b54e32') in 0.020210 seconds
  Import took 0.024858 seconds .

========================================================================
Received Import Request.
  Time since last request: 0.000214 seconds.
  path: Assets/Materials/Ground.mat
  artifactKey: Guid(4fe4e275768ab9e42b51c26934d03eb5) Importer(815301076,1909f56bfc062723c751e8b465ee728b)
Start importing Assets/Materials/Ground.mat using Guid(4fe4e275768ab9e42b51c26934d03eb5) Importer(815301076,1909f56bfc062723c751e8b465ee728b)  -> (artifact id: '88206bc02041f67d3ba9aec6867dfbf4') in 0.018425 seconds
  Import took 0.022845 seconds .

========================================================================
Received Import Request.
  Time since last request: 0.000248 seconds.
  path: Assets/Materials/PickUp 4.mat
  artifactKey: Guid(f390b92f6ebc95c4a9fba2133b2d5cdb) Importer(815301076,1909f56bfc062723c751e8b465ee728b)
Start importing Assets/Materials/PickUp 4.mat using Guid(f390b92f6ebc95c4a9fba2133b2d5cdb) Importer(815301076,1909f56bfc062723c751e8b465ee728b)  -> (artifact id: '245e7bb51cb28ee91d2efa6a0f221498') in 0.017287 seconds
  Import took 0.022189 seconds .

========================================================================
Received Import Request.
  Time since last request: 0.000257 seconds.
  path: Assets/Materials/Moon.mat
  artifactKey: Guid(935fbf34979acb54898182cf7777ee3d) Importer(815301076,1909f56bfc062723c751e8b465ee728b)
Start importing Assets/Materials/Moon.mat using Guid(935fbf34979acb54898182cf7777ee3d) Importer(815301076,1909f56bfc062723c751e8b465ee728b)  -> (artifact id: '2274ae6b8524ca334f49cdb0418aa363') in 0.018309 seconds
  Import took 0.022928 seconds .

========================================================================
Received Import Request.
  Time since last request: 0.000209 seconds.
  path: Assets/Materials/PickUp.mat
  artifactKey: Guid(326de6fc99d854541bd1b49a459e5a6a) Importer(815301076,1909f56bfc062723c751e8b465ee728b)
Start importing Assets/Materials/PickUp.mat using Guid(326de6fc99d854541bd1b49a459e5a6a) Importer(815301076,1909f56bfc062723c751e8b465ee728b)  -> (artifact id: 'f96f55d38727c5d4848b9c4239ab9862') in 0.020697 seconds
  Import took 0.026403 seconds .

AssetImportWorkerClient::OnTransportError - code=2 error=End of file
